\BOOKMARK [0][-]{figure.caption.2}{\376\377\000A\000c\000k\000n\000o\000w\000l\000e\000d\000g\000m\000e\000n\000t}{}% 1
\BOOKMARK [0][-]{figure.caption.2}{\376\377\000A\000b\000s\000t\000r\000a\000c\000t}{}% 2
\BOOKMARK [0][-]{figure.caption.2}{\376\377\000S\000y\000n\000o\000p\000s\000i\000s}{}% 3
\BOOKMARK [0][-]{figure.caption.3}{\376\377\000A\000b\000b\000r\000e\000v\000i\000a\000t\000i\000o\000n}{}% 4
\BOOKMARK [0][-]{figure.caption.3}{\376\377\000L\000i\000s\000t\000\040\000o\000f\000\040\000F\000i\000g\000u\000r\000e\000s}{}% 5
\BOOKMARK [0][-]{chapter*.4}{\376\377\000L\000i\000s\000t\000\040\000o\000f\000\040\000T\000a\000b\000l\000e\000s}{}% 6
\BOOKMARK [0][-]{chapter.1}{\376\377\000I\000n\000t\000r\000o\000d\000u\000c\000t\000i\000o\000n}{}% 7
\BOOKMARK [1][-]{section.1.1}{\376\377\000P\000r\000o\000j\000e\000c\000t\000\040\000I\000d\000e\000a}{chapter.1}% 8
\BOOKMARK [1][-]{section.1.2}{\376\377\000M\000o\000t\000i\000v\000a\000t\000i\000o\000n\000\040\000o\000f\000\040\000t\000h\000e\000\040\000P\000r\000o\000j\000e\000c\000t}{chapter.1}% 9
\BOOKMARK [0][-]{chapter.2}{\376\377\000L\000i\000t\000e\000r\000a\000t\000u\000r\000e\000\040\000S\000u\000r\000v\000e\000y}{}% 10
\BOOKMARK [1][-]{section.2.1}{\376\377\000L\000i\000t\000e\000r\000a\000t\000u\000r\000e\000\040\000S\000u\000r\000v\000e\000y}{chapter.2}% 11
\BOOKMARK [0][-]{chapter.3}{\376\377\000P\000r\000o\000b\000l\000e\000m\000\040\000D\000e\000f\000i\000n\000i\000t\000i\000o\000n\000\040\000a\000n\000d\000\040\000S\000c\000o\000p\000e}{}% 12
\BOOKMARK [1][-]{section.3.1}{\376\377\000P\000r\000o\000b\000l\000e\000m\000\040\000S\000t\000a\000t\000e\000m\000e\000n\000t}{chapter.3}% 13
\BOOKMARK [2][-]{subsection.3.1.1}{\376\377\000G\000o\000a\000l\000s\000\040\000a\000n\000d\000\040\000o\000b\000j\000e\000c\000t\000i\000v\000e\000s}{section.3.1}% 14
\BOOKMARK [2][-]{subsection.3.1.2}{\376\377\000S\000t\000a\000t\000e\000m\000e\000n\000t\000\040\000o\000f\000\040\000s\000c\000o\000p\000e}{section.3.1}% 15
\BOOKMARK [1][-]{section.3.2}{\376\377\000S\000o\000f\000t\000w\000a\000r\000e\000\040\000c\000o\000n\000t\000e\000x\000t}{chapter.3}% 16
\BOOKMARK [1][-]{section.3.3}{\376\377\000M\000a\000j\000o\000r\000\040\000C\000o\000n\000s\000t\000r\000a\000i\000n\000t\000s}{chapter.3}% 17
\BOOKMARK [1][-]{section.3.4}{\376\377\000M\000e\000t\000h\000o\000d\000o\000l\000o\000g\000i\000e\000s\000\040\000o\000f\000\040\000P\000r\000o\000b\000l\000e\000m\000\040\000s\000o\000l\000v\000i\000n\000g\000\040\000a\000n\000d\000\040\000e\000f\000f\000i\000c\000i\000e\000n\000c\000y\000\040\000i\000s\000s\000u\000e\000s}{chapter.3}% 18
\BOOKMARK [2][-]{subsection.3.4.1}{\376\377\000M\000e\000t\000h\000o\000d\000o\000l\000o\000g\000i\000e\000s\000\040\000o\000f\000\040\000P\000r\000o\000b\000l\000e\000m\000\040\000S\000o\000l\000v\000i\000n\000g}{section.3.4}% 19
\BOOKMARK [2][-]{subsection.3.4.2}{\376\377\000\040\000E\000f\000f\000i\000c\000i\000e\000n\000c\000y\000\040\000I\000s\000s\000u\000e\000s}{section.3.4}% 20
\BOOKMARK [1][-]{section.3.5}{\376\377\000S\000c\000e\000n\000a\000r\000i\000o\000\040\000i\000n\000\040\000w\000h\000i\000c\000h\000\040\000m\000u\000l\000t\000i\000-\000c\000o\000r\000e\000,\000\040\000E\000m\000b\000e\000d\000d\000e\000d\000\040\000a\000n\000d\000\040\000D\000i\000s\000t\000r\000i\000b\000u\000t\000e\000d\000\040\000C\000o\000m\000p\000u\000t\000i\000n\000g\000\040\000u\000s\000e\000d}{chapter.3}% 21
\BOOKMARK [1][-]{section.3.6}{\376\377\000O\000u\000t\000c\000o\000m\000e}{chapter.3}% 22
\BOOKMARK [1][-]{section.3.7}{\376\377\000A\000p\000p\000l\000i\000c\000a\000t\000i\000o\000n\000s}{chapter.3}% 23
\BOOKMARK [1][-]{section.3.8}{\376\377\000H\000a\000r\000d\000w\000a\000r\000e\000\040\000R\000e\000s\000o\000u\000r\000c\000e\000s\000\040\000R\000e\000q\000u\000i\000r\000e\000d}{chapter.3}% 24
\BOOKMARK [1][-]{section.3.9}{\376\377\000S\000o\000f\000t\000w\000a\000r\000e\000\040\000R\000e\000s\000o\000u\000r\000c\000e\000s\000\040\000R\000e\000q\000u\000i\000r\000e\000d}{chapter.3}% 25
\BOOKMARK [0][-]{chapter.4}{\376\377\000S\000o\000f\000t\000w\000a\000r\000e\000\040\000R\000e\000q\000u\000i\000r\000e\000m\000e\000n\000t\000\040\000S\000p\000e\000c\000i\000f\000i\000c\000a\000t\000i\000o\000n\000\040}{}% 26
\BOOKMARK [1][-]{section.4.1}{\376\377\000I\000n\000t\000r\000o\000d\000u\000c\000t\000i\000o\000n}{chapter.4}% 27
\BOOKMARK [2][-]{subsection.4.1.1}{\376\377\000P\000u\000r\000p\000o\000s\000e\000\040\000a\000n\000d\000\040\000S\000c\000o\000p\000e\000\040\000o\000f\000\040\000D\000o\000c\000u\000m\000e\000n\000t}{section.4.1}% 28
\BOOKMARK [2][-]{subsection.4.1.2}{\376\377\000O\000v\000e\000r\000v\000i\000e\000w\000\040\000o\000f\000\040\000r\000e\000s\000p\000o\000n\000s\000i\000b\000i\000l\000i\000t\000i\000e\000s\000\040\000o\000f\000\040\000D\000e\000v\000e\000l\000o\000p\000e\000r}{section.4.1}% 29
\BOOKMARK [1][-]{section.4.2}{\376\377\000F\000u\000n\000c\000t\000i\000o\000n\000a\000l\000\040\000R\000e\000q\000u\000i\000r\000e\000m\000e\000n\000t\000s}{chapter.4}% 30
\BOOKMARK [2][-]{subsection.4.2.1}{\376\377\000S\000y\000s\000t\000e\000m\000\040\000F\000e\000a\000t\000u\000r\000e\000\040\0001\000\040\000\050\000I\000m\000a\000g\000e\000\040\000P\000r\000e\000p\000r\000o\000c\000e\000s\000s\000i\000n\000g\000\040\000M\000o\000d\000u\000l\000e\000\051}{section.4.2}% 31
\BOOKMARK [2][-]{subsection.4.2.2}{\376\377\000S\000y\000s\000t\000e\000m\000\040\000F\000e\000a\000t\000u\000r\000e\000\040\0002\000\040\000\050\000E\000n\000c\000o\000d\000e\000r\000-\000D\000e\000c\000o\000d\000e\000r\000\040\000A\000r\000c\000h\000i\000t\000e\000c\000t\000u\000r\000e\000\051}{section.4.2}% 32
\BOOKMARK [2][-]{subsection.4.2.3}{\376\377\000S\000y\000s\000t\000e\000m\000\040\000F\000e\000a\000t\000u\000r\000e\000\040\0003\000\040\000\050\000M\000o\000d\000e\000l\000\040\000T\000r\000a\000i\000n\000i\000n\000g\000\040\000a\000n\000d\000\040\000F\000i\000n\000e\000-\000T\000u\000n\000i\000n\000g\000\051}{section.4.2}% 33
\BOOKMARK [1][-]{section.4.3}{\376\377\000E\000x\000t\000e\000r\000n\000a\000l\000\040\000I\000n\000t\000e\000r\000f\000a\000c\000e\000\040\000R\000e\000q\000u\000i\000r\000e\000m\000e\000n\000t\000s\000\040\000\050\000I\000f\000\040\000A\000n\000y\000\051}{chapter.4}% 34
\BOOKMARK [2][-]{subsection.4.3.1}{\376\377\000U\000s\000e\000r\000\040\000I\000n\000t\000e\000r\000f\000a\000c\000e\000s}{section.4.3}% 35
\BOOKMARK [2][-]{subsection.4.3.2}{\376\377\000H\000a\000r\000d\000w\000a\000r\000e\000\040\000I\000n\000t\000e\000r\000f\000a\000c\000e\000s}{section.4.3}% 36
\BOOKMARK [2][-]{subsection.4.3.3}{\376\377\000S\000o\000f\000t\000w\000a\000r\000e\000\040\000I\000n\000t\000e\000r\000f\000a\000c\000e\000s}{section.4.3}% 37
\BOOKMARK [1][-]{section.4.4}{\376\377\000N\000o\000n\000f\000u\000n\000c\000t\000i\000o\000n\000a\000l\000\040\000R\000e\000q\000u\000i\000r\000e\000m\000e\000n\000t\000s}{chapter.4}% 38
\BOOKMARK [2][-]{subsection.4.4.1}{\376\377\000P\000e\000r\000f\000o\000r\000m\000a\000n\000c\000e\000\040\000R\000e\000q\000u\000i\000r\000e\000m\000e\000n\000t\000s}{section.4.4}% 39
\BOOKMARK [2][-]{subsection.4.4.2}{\376\377\000S\000a\000f\000e\000t\000y\000\040\000R\000e\000q\000u\000i\000r\000e\000m\000e\000n\000t\000s}{section.4.4}% 40
\BOOKMARK [2][-]{subsection.4.4.3}{\376\377\000S\000e\000c\000u\000r\000i\000t\000y\000\040\000R\000e\000q\000u\000i\000r\000e\000m\000e\000n\000t\000s\000\040}{section.4.4}% 41
\BOOKMARK [2][-]{subsection.4.4.4}{\376\377\000S\000o\000f\000t\000w\000a\000r\000e\000\040\000Q\000u\000a\000l\000i\000t\000y\000\040\000A\000t\000t\000r\000i\000b\000u\000t\000e\000s\000\040}{section.4.4}% 42
\BOOKMARK [1][-]{section.4.5}{\376\377\000S\000y\000s\000t\000e\000m\000\040\000R\000e\000q\000u\000i\000r\000e\000m\000e\000n\000t\000s\000\040}{chapter.4}% 43
\BOOKMARK [2][-]{subsection.4.5.1}{\376\377\000D\000a\000t\000a\000b\000a\000s\000e\000\040\000R\000e\000q\000u\000i\000r\000e\000m\000e\000n\000t\000s}{section.4.5}% 44
\BOOKMARK [2][-]{subsection.4.5.2}{\376\377\000S\000o\000f\000t\000w\000a\000r\000e\000\040\000R\000e\000s\000o\000u\000r\000c\000e\000s\000\040\000R\000e\000q\000u\000i\000r\000e\000d}{section.4.5}% 45
\BOOKMARK [2][-]{subsection.4.5.3}{\376\377\000H\000a\000r\000d\000w\000a\000r\000e\000\040\000R\000e\000s\000o\000u\000r\000c\000e\000s\000\040\000R\000e\000q\000u\000i\000r\000e\000d}{section.4.5}% 46
\BOOKMARK [1][-]{section.4.6}{\376\377\000A\000n\000a\000l\000y\000s\000i\000s\000\040\000M\000o\000d\000e\000l\000s\000:\000\040\000S\000D\000L\000C\000\040\000M\000o\000d\000e\000l\000\040\000t\000o\000\040\000b\000e\000\040\000a\000p\000p\000l\000i\000e\000d}{chapter.4}% 47
\BOOKMARK [1][-]{section.4.7}{\376\377\000S\000y\000s\000t\000e\000m\000\040\000I\000m\000p\000l\000e\000m\000e\000n\000t\000a\000t\000i\000o\000n\000\040\000P\000l\000a\000n\000\040\000:}{chapter.4}% 48
\BOOKMARK [0][-]{chapter.5}{\376\377\000M\000e\000t\000h\000o\000d\000o\000l\000o\000g\000y\000\040\000a\000n\000d\000\040\000S\000y\000s\000t\000e\000m\000\040\000D\000e\000s\000i\000g\000n}{}% 49
\BOOKMARK [1][-]{section.5.1}{\376\377\000S\000y\000s\000t\000e\000m\000\040\000A\000r\000c\000h\000i\000t\000e\000c\000t\000u\000r\000e}{chapter.5}% 50
\BOOKMARK [1][-]{section.5.2}{\376\377\000D\000a\000t\000a\000\040\000F\000l\000o\000w\000\040\000D\000i\000a\000g\000r\000a\000m\000s}{chapter.5}% 51
\BOOKMARK [1][-]{section.5.3}{\376\377\000E\000n\000t\000i\000t\000y\000\040\000R\000e\000l\000a\000t\000i\000o\000n\000s\000h\000i\000p\000\040\000D\000i\000a\000g\000r\000a\000m\000s}{chapter.5}% 52
\BOOKMARK [1][-]{section.5.4}{\376\377\000U\000M\000L\000\040\000D\000i\000a\000g\000r\000a\000m\000s}{chapter.5}% 53
\BOOKMARK [2][-]{subsection.5.4.1}{\376\377\000U\000s\000e\000\040\000C\000a\000s\000e\000\040\000D\000i\000a\000g\000r\000a\000m}{section.5.4}% 54
\BOOKMARK [2][-]{subsection.5.4.2}{\376\377\000A\000c\000t\000i\000v\000i\000t\000y\000\040\000D\000i\000a\000g\000r\000a\000m}{section.5.4}% 55
\BOOKMARK [2][-]{subsection.5.4.3}{\376\377\000S\000e\000q\000u\000e\000n\000c\000e\000\040\000D\000i\000a\000g\000r\000a\000m}{section.5.4}% 56
\BOOKMARK [2][-]{subsection.5.4.4}{\376\377\000C\000l\000a\000s\000s\000\040\000D\000i\000a\000g\000r\000a\000m}{section.5.4}% 57
\BOOKMARK [2][-]{subsection.5.4.5}{\376\377\000O\000b\000j\000e\000c\000t\000\040\000D\000i\000a\000g\000r\000a\000m}{section.5.4}% 58
\BOOKMARK [0][-]{chapter.6}{\376\377\000S\000o\000f\000t\000w\000a\000r\000e\000\040\000I\000m\000p\000l\000e\000m\000e\000n\000t\000a\000t\000i\000o\000n}{}% 59
\BOOKMARK [1][-]{section.6.1}{\376\377\000T\000E\000C\000H\000N\000O\000L\000O\000G\000Y\000\040\000D\000E\000T\000A\000I\000L\000S\000\040\000U\000S\000E\000D\000\040\000I\000N\000\040\000T\000H\000E\000\040\000P\000R\000O\000J\000E\000C\000T}{chapter.6}% 60
\BOOKMARK [2][-]{subsection.6.1.1}{\376\377\000T\000e\000n\000s\000o\000r\000F\000l\000o\000w\000:}{section.6.1}% 61
\BOOKMARK [2][-]{subsection.6.1.2}{\376\377\000K\000e\000r\000a\000s\000:}{section.6.1}% 62
\BOOKMARK [2][-]{subsection.6.1.3}{\376\377\000G\000R\000U\000\040\000\050\000G\000a\000t\000e\000d\000\040\000R\000e\000c\000u\000r\000r\000e\000n\000t\000\040\000U\000n\000i\000t\000\051\000:}{section.6.1}% 63
\BOOKMARK [2][-]{subsection.6.1.4}{\376\377\000E\000f\000f\000i\000c\000i\000e\000n\000t\000N\000e\000t\000V\0002\000:}{section.6.1}% 64
\BOOKMARK [1][-]{section.6.2}{\376\377\000D\000A\000T\000A\000S\000E\000T\000\040\000U\000S\000E\000D\000\040\000I\000N\000\040\000T\000H\000E\000\040\000P\000R\000O\000J\000E\000C\000T}{chapter.6}% 65
\BOOKMARK [2][-]{subsection.6.2.1}{\376\377\000F\000l\000i\000c\000k\000r\0008\000k\000:}{section.6.2}% 66
\BOOKMARK [2][-]{subsection.6.2.2}{\376\377\000F\000l\000i\000c\000k\000r\0003\0000\000k\000:\000\040}{section.6.2}% 67
\BOOKMARK [0][-]{chapter.7}{\376\377\000P\000r\000o\000j\000e\000c\000t\000\040\000E\000s\000t\000i\000m\000a\000t\000i\000o\000n\000,\000\040\000S\000c\000h\000e\000d\000u\000l\000e\000\040\000a\000n\000d\000\040\000T\000e\000a\000m\000\040\000S\000t\000r\000u\000c\000t\000u\000r\000e}{}% 68
\BOOKMARK [1][-]{subsection.7.0.1}{\376\377\000C\000O\000C\000O\000M\000O\000\040\000M\000o\000d\000e\000l}{chapter.7}% 69
\BOOKMARK [2][-]{subsection.7.0.2}{\376\377\000E\000q\000u\000a\000t\000i\000o\000n}{subsection.7.0.1}% 70
\BOOKMARK [2][-]{subsection.7.0.3}{\376\377\000O\000r\000g\000a\000n\000i\000c\000\040\000p\000r\000o\000j\000e\000c\000t\000s}{subsection.7.0.1}% 71
\BOOKMARK [1][-]{section.7.1}{\376\377\000P\000r\000o\000j\000e\000c\000t\000\040\000S\000c\000h\000e\000d\000u\000l\000e\000\040\000a\000n\000d\000\040\000T\000e\000a\000m\000\040\000S\000t\000r\000u\000c\000t\000u\000r\000e}{chapter.7}% 72
\BOOKMARK [0][-]{chapter.8}{\376\377\000S\000o\000f\000t\000w\000a\000r\000e\000\040\000T\000e\000s\000t\000i\000n\000g\000\040\000a\000n\000d\000\040\000V\000a\000l\000i\000d\000a\000t\000i\000o\000n}{}% 73
\BOOKMARK [1][-]{section.8.1}{\376\377\000S\000o\000f\000t\000w\000a\000r\000e\000\040\000T\000e\000s\000t\000i\000n\000g\000\040\000a\000n\000d\000\040\000V\000a\000l\000i\000d\000a\000t\000i\000o\000n}{chapter.8}% 74
\BOOKMARK [1][-]{section.8.2}{\376\377\000R\000i\000s\000k\000\040\000M\000a\000n\000a\000g\000e\000m\000e\000n\000t\000:}{chapter.8}% 75
\BOOKMARK [0][-]{chapter.9}{\376\377\000R\000e\000s\000u\000l\000t\000\040\000a\000n\000d\000\040\000A\000n\000a\000l\000y\000s\000i\000s}{}% 76
\BOOKMARK [1][-]{section.9.1}{\376\377\000O\000u\000t\000c\000o\000m\000e\000s}{chapter.9}% 77
\BOOKMARK [1][-]{section.9.2}{\376\377\000P\000e\000r\000f\000o\000r\000m\000a\000n\000c\000e\000\040\000e\000v\000a\000l\000u\000a\000t\000i\000o\000n}{chapter.9}% 78
\BOOKMARK [0][-]{chapter.10}{\376\377\000A\000d\000v\000a\000n\000t\000a\000g\000e\000s\000,\000\040\000L\000i\000m\000i\000t\000a\000t\000i\000o\000n\000s\000\040\000a\000n\000d\000\040\000A\000p\000p\000l\000i\000c\000a\000t\000i\000o\000n}{}% 79
\BOOKMARK [1][-]{section.10.1}{\376\377\000A\000d\000v\000a\000n\000t\000a\000g\000e\000s}{chapter.10}% 80
\BOOKMARK [1][-]{section.10.2}{\376\377\000L\000i\000m\000i\000t\000a\000t\000i\000o\000n\000s}{chapter.10}% 81
\BOOKMARK [1][-]{section.10.3}{\376\377\000A\000p\000p\000l\000i\000c\000a\000t\000i\000o\000n\000s}{chapter.10}% 82
\BOOKMARK [0][-]{chapter.11}{\376\377\000S\000u\000m\000m\000a\000r\000y\000\040\000a\000n\000d\000\040\000C\000o\000n\000c\000l\000u\000s\000i\000o\000n}{}% 83
\BOOKMARK [1][-]{section.11.1}{\376\377\000S\000u\000m\000m\000a\000r\000y}{chapter.11}% 84
\BOOKMARK [1][-]{section.11.2}{\376\377\000C\000o\000n\000c\000l\000u\000s\000i\000o\000n}{chapter.11}% 85
\BOOKMARK [0][-]{chapter.12}{\376\377\000R\000e\000f\000e\000r\000e\000n\000c\000e\000s}{}% 86
\BOOKMARK [0][-]{appendix.1.A}{\376\377\000A\000n\000n\000e\000x\000u\000r\000e\000\040\000A\000w\000a\000r\000d\000s\000/\000P\000a\000r\000t\000i\000c\000i\000p\000a\000t\000i\000o\000n\000\040\000i\000n\000\040\000P\000r\000o\000j\000e\000c\000t\000\040\000C\000o\000m\000p\000e\000t\000i\000t\000i\000o\000n\000/\000E\000x\000h\000i\000b\000i\000t\000i\000o\000n}{}% 87
\BOOKMARK [0][-]{appendix.1.B}{\376\377\000A\000n\000n\000e\000x\000u\000r\000e\000\040\000D\000e\000t\000a\000i\000l\000s\000\040\000o\000f\000\040\000t\000h\000e\000\040\000P\000a\000p\000e\000r\000s\000\040\000P\000u\000b\000l\000i\000c\000a\000t\000i\000o\000n\000\040\000\050\000i\000f\000\040\000a\000n\000y\000\051}{}% 88
\BOOKMARK [1][-]{section.1.B.1}{\376\377\000P\000A\000P\000E\000R\000\040\000P\000U\000B\000L\000I\000C\000A\000T\000I\000O\000N\000\040\000I\000N\000\040\000U\000G\000C\000\040\000C\000A\000R\000E\000\040\000G\000E\000N\000E\000R\000A\000L}{appendix.1.B}% 89
\BOOKMARK [0][-]{appendix.1.C}{\376\377\000A\000n\000n\000e\000x\000u\000r\000e\000\040\000P\000l\000a\000g\000i\000a\000r\000i\000s\000m\000\040\000R\000e\000p\000o\000r\000t\000\040\000F\000o\000r\000\040\000t\000h\000i\000s\000\040\000R\000e\000p\000o\000r\000t}{}% 90
\BOOKMARK [0][-]{appendix.1.D}{\376\377\000A\000n\000n\000e\000x\000u\000r\000e\000\040\000A\000n\000y\000\040\000o\000t\000h\000e\000r\000\040\000D\000o\000c\000u\000m\000e\000n\000t\000a\000t\000i\000o\000n\000\040\000e\000v\000i\000d\000e\000n\000c\000e\000s\000\040\000r\000e\000l\000a\000t\000e\000d\000\040\000t\000o\000\040\000P\000r\000o\000j\000e\000c\000t}{}% 91
