\BOOKMARK [0][-]{figure.caption.2}{\376\377\000A\000c\000k\000n\000o\000w\000l\000e\000d\000g\000m\000e\000n\000t}{}% 1
\BOOKMARK [0][-]{figure.caption.2}{\376\377\000A\000b\000s\000t\000r\000a\000c\000t}{}% 2
\BOOKMARK [0][-]{figure.caption.2}{\376\377\000S\000y\000n\000o\000p\000s\000i\000s}{}% 3
\BOOKMARK [0][-]{figure.caption.2}{\376\377\000A\000b\000b\000r\000e\000v\000i\000a\000t\000i\000o\000n}{}% 4
\BOOKMARK [0][-]{figure.caption.2}{\376\377\000L\000i\000s\000t\000\040\000o\000f\000\040\000F\000i\000g\000u\000r\000e\000s}{}% 5
\BOOKMARK [0][-]{figure.caption.2}{\376\377\000L\000i\000s\000t\000\040\000o\000f\000\040\000T\000a\000b\000l\000e\000s}{}% 6
\BOOKMARK [0][-]{chapter.1}{\376\377\000I\000n\000t\000r\000o\000d\000u\000c\000t\000i\000o\000n}{}% 7
\BOOKMARK [1][-]{section.1.1}{\376\377\000P\000r\000o\000j\000e\000c\000t\000\040\000I\000d\000e\000a}{chapter.1}% 8
\BOOKMARK [1][-]{section.1.2}{\376\377\000M\000o\000t\000i\000v\000a\000t\000i\000o\000n\000\040\000o\000f\000\040\000t\000h\000e\000\040\000P\000r\000o\000j\000e\000c\000t}{chapter.1}% 9
\BOOKMARK [0][-]{chapter.2}{\376\377\000L\000i\000t\000e\000r\000a\000t\000u\000r\000e\000\040\000S\000u\000r\000v\000e\000y}{}% 10
\BOOKMARK [1][-]{section.2.1}{\376\377\000L\000i\000t\000e\000r\000a\000t\000u\000r\000e\000\040\000S\000u\000r\000v\000e\000y}{chapter.2}% 11
\BOOKMARK [0][-]{chapter.3}{\376\377\000P\000r\000o\000b\000l\000e\000m\000\040\000D\000e\000f\000i\000n\000i\000t\000i\000o\000n\000\040\000a\000n\000d\000\040\000S\000c\000o\000p\000e}{}% 12
\BOOKMARK [1][-]{section.3.1}{\376\377\000P\000r\000o\000b\000l\000e\000m\000\040\000S\000t\000a\000t\000e\000m\000e\000n\000t}{chapter.3}% 13
\BOOKMARK [2][-]{subsection.3.1.1}{\376\377\000G\000o\000a\000l\000s\000\040\000a\000n\000d\000\040\000o\000b\000j\000e\000c\000t\000i\000v\000e\000s}{section.3.1}% 14
\BOOKMARK [2][-]{subsection.3.1.2}{\376\377\000S\000t\000a\000t\000e\000m\000e\000n\000t\000\040\000o\000f\000\040\000s\000c\000o\000p\000e}{section.3.1}% 15
\BOOKMARK [1][-]{section.3.2}{\376\377\000S\000o\000f\000t\000w\000a\000r\000e\000\040\000c\000o\000n\000t\000e\000x\000t}{chapter.3}% 16
\BOOKMARK [1][-]{section.3.3}{\376\377\000M\000a\000j\000o\000r\000\040\000C\000o\000n\000s\000t\000r\000a\000i\000n\000t\000s}{chapter.3}% 17
\BOOKMARK [1][-]{section.3.4}{\376\377\000M\000e\000t\000h\000o\000d\000o\000l\000o\000g\000i\000e\000s\000\040\000o\000f\000\040\000P\000r\000o\000b\000l\000e\000m\000\040\000s\000o\000l\000v\000i\000n\000g\000\040\000a\000n\000d\000\040\000e\000f\000f\000i\000c\000i\000e\000n\000c\000y\000\040\000i\000s\000s\000u\000e\000s}{chapter.3}% 18
\BOOKMARK [1][-]{section.3.5}{\376\377\000S\000c\000e\000n\000a\000r\000i\000o\000\040\000i\000n\000\040\000w\000h\000i\000c\000h\000\040\000m\000u\000l\000t\000i\000-\000c\000o\000r\000e\000,\000\040\000E\000m\000b\000e\000d\000d\000e\000d\000\040\000a\000n\000d\000\040\000D\000i\000s\000t\000r\000i\000b\000u\000t\000e\000d\000\040\000C\000o\000m\000p\000u\000t\000i\000n\000g\000\040\000u\000s\000e\000d}{chapter.3}% 19
\BOOKMARK [1][-]{section.3.6}{\376\377\000O\000u\000t\000c\000o\000m\000e}{chapter.3}% 20
\BOOKMARK [1][-]{section.3.7}{\376\377\000A\000p\000p\000l\000i\000c\000a\000t\000i\000o\000n\000s}{chapter.3}% 21
\BOOKMARK [1][-]{section.3.8}{\376\377\000H\000a\000r\000d\000w\000a\000r\000e\000\040\000R\000e\000s\000o\000u\000r\000c\000e\000s\000\040\000R\000e\000q\000u\000i\000r\000e\000d}{chapter.3}% 22
\BOOKMARK [1][-]{section.3.9}{\376\377\000S\000o\000f\000t\000w\000a\000r\000e\000\040\000R\000e\000s\000o\000u\000r\000c\000e\000s\000\040\000R\000e\000q\000u\000i\000r\000e\000d}{chapter.3}% 23
\BOOKMARK [0][-]{chapter.4}{\376\377\000S\000o\000f\000t\000w\000a\000r\000e\000\040\000R\000e\000q\000u\000i\000r\000e\000m\000e\000n\000t\000\040\000S\000p\000e\000c\000i\000f\000i\000c\000a\000t\000i\000o\000n\000\040}{}% 24
\BOOKMARK [1][-]{section.4.1}{\376\377\000I\000n\000t\000r\000o\000d\000u\000c\000t\000i\000o\000n}{chapter.4}% 25
\BOOKMARK [2][-]{subsection.4.1.1}{\376\377\000P\000u\000r\000p\000o\000s\000e\000\040\000a\000n\000d\000\040\000S\000c\000o\000p\000e\000\040\000o\000f\000\040\000D\000o\000c\000u\000m\000e\000n\000t}{section.4.1}% 26
\BOOKMARK [2][-]{subsection.4.1.2}{\376\377\000O\000v\000e\000r\000v\000i\000e\000w\000\040\000o\000f\000\040\000r\000e\000s\000p\000o\000n\000s\000i\000b\000i\000l\000i\000t\000i\000e\000s\000\040\000o\000f\000\040\000D\000e\000v\000e\000l\000o\000p\000e\000r}{section.4.1}% 27
\BOOKMARK [1][-]{section.4.2}{\376\377\000F\000u\000n\000c\000t\000i\000o\000n\000a\000l\000\040\000R\000e\000q\000u\000i\000r\000e\000m\000e\000n\000t\000s}{chapter.4}% 28
\BOOKMARK [2][-]{subsection.4.2.1}{\376\377\000S\000y\000s\000t\000e\000m\000\040\000F\000e\000a\000t\000u\000r\000e\000\040\0001\000\050\000F\000u\000n\000c\000t\000i\000o\000n\000a\000l\000\040\000R\000e\000q\000u\000i\000r\000e\000m\000e\000n\000t\000\051}{section.4.2}% 29
\BOOKMARK [2][-]{subsection.4.2.2}{\376\377\000S\000y\000s\000t\000e\000m\000\040\000F\000e\000a\000t\000u\000r\000e\0002\000\040\000\050\000F\000u\000n\000c\000t\000i\000o\000n\000a\000l\000\040\000R\000e\000q\000u\000i\000r\000e\000m\000e\000n\000t\000\051}{section.4.2}% 30
\BOOKMARK [2][-]{subsection.4.2.3}{\376\377\000S\000y\000s\000t\000e\000m\000\040\000F\000e\000a\000t\000u\000r\000e\0003\000\040\000\050\000F\000u\000n\000c\000t\000i\000o\000n\000a\000l\000\040\000R\000e\000q\000u\000i\000r\000e\000m\000e\000n\000t\000\051}{section.4.2}% 31
\BOOKMARK [1][-]{section.4.3}{\376\377\000E\000x\000t\000e\000r\000n\000a\000l\000\040\000I\000n\000t\000e\000r\000f\000a\000c\000e\000\040\000R\000e\000q\000u\000i\000r\000e\000m\000e\000n\000t\000s\000\040\000\050\000I\000f\000\040\000A\000n\000y\000\051}{chapter.4}% 32
\BOOKMARK [2][-]{subsection.4.3.1}{\376\377\000U\000s\000e\000r\000\040\000I\000n\000t\000e\000r\000f\000a\000c\000e\000s}{section.4.3}% 33
\BOOKMARK [2][-]{subsection.4.3.2}{\376\377\000H\000a\000r\000d\000w\000a\000r\000e\000\040\000I\000n\000t\000e\000r\000f\000a\000c\000e\000s}{section.4.3}% 34
\BOOKMARK [2][-]{subsection.4.3.3}{\376\377\000S\000o\000f\000t\000w\000a\000r\000e\000\040\000I\000n\000t\000e\000r\000f\000a\000c\000e\000s}{section.4.3}% 35
\BOOKMARK [2][-]{subsection.4.3.4}{\376\377\000\040\000C\000o\000m\000m\000u\000n\000i\000c\000a\000t\000i\000o\000n\000\040\000I\000n\000t\000e\000r\000f\000a\000c\000e\000s}{section.4.3}% 36
\BOOKMARK [1][-]{section.4.4}{\376\377\000N\000o\000n\000f\000u\000n\000c\000t\000i\000o\000n\000a\000l\000\040\000R\000e\000q\000u\000i\000r\000e\000m\000e\000n\000t\000s}{chapter.4}% 37
\BOOKMARK [2][-]{subsection.4.4.1}{\376\377\000P\000e\000r\000f\000o\000r\000m\000a\000n\000c\000e\000\040\000R\000e\000q\000u\000i\000r\000e\000m\000e\000n\000t\000s}{section.4.4}% 38
\BOOKMARK [2][-]{subsection.4.4.2}{\376\377\000S\000a\000f\000e\000t\000y\000\040\000R\000e\000q\000u\000i\000r\000e\000m\000e\000n\000t\000s}{section.4.4}% 39
\BOOKMARK [2][-]{subsection.4.4.3}{\376\377\000S\000e\000c\000u\000r\000i\000t\000y\000\040\000R\000e\000q\000u\000i\000r\000e\000m\000e\000n\000t\000s\000\040}{section.4.4}% 40
\BOOKMARK [2][-]{subsection.4.4.4}{\376\377\000S\000o\000f\000t\000w\000a\000r\000e\000\040\000Q\000u\000a\000l\000i\000t\000y\000\040\000A\000t\000t\000r\000i\000b\000u\000t\000e\000s\000\040}{section.4.4}% 41
\BOOKMARK [1][-]{section.4.5}{\376\377\000S\000y\000s\000t\000e\000m\000\040\000R\000e\000q\000u\000i\000r\000e\000m\000e\000n\000t\000s\000\040}{chapter.4}% 42
\BOOKMARK [2][-]{subsection.4.5.1}{\376\377\000D\000a\000t\000a\000b\000a\000s\000e\000\040\000R\000e\000q\000u\000i\000r\000e\000m\000e\000n\000t\000s}{section.4.5}% 43
\BOOKMARK [1][-]{section.4.6}{\376\377\000A\000n\000a\000l\000y\000s\000i\000s\000\040\000M\000o\000d\000e\000l\000s\000:\000\040\000S\000D\000L\000C\000\040\000M\000o\000d\000e\000l\000\040\000t\000o\000\040\000b\000e\000\040\000a\000p\000p\000l\000i\000e\000d}{chapter.4}% 44
\BOOKMARK [1][-]{section.4.7}{\376\377\000S\000y\000s\000t\000e\000m\000\040\000I\000m\000p\000l\000e\000m\000e\000n\000t\000a\000t\000i\000o\000n\000\040\000P\000l\000a\000n\000:}{chapter.4}% 45
\BOOKMARK [0][-]{chapter.5}{\376\377\000M\000e\000t\000h\000o\000d\000o\000l\000o\000g\000y\000\040\000a\000n\000d\000\040\000S\000y\000s\000t\000e\000m\000\040\000D\000e\000s\000i\000g\000n}{}% 46
\BOOKMARK [1][-]{section.5.1}{\376\377\000S\000y\000s\000t\000e\000m\000\040\000A\000r\000c\000h\000i\000t\000e\000c\000t\000u\000r\000e}{chapter.5}% 47
\BOOKMARK [1][-]{section.5.2}{\376\377\000D\000a\000t\000a\000\040\000F\000l\000o\000w\000\040\000D\000i\000a\000g\000r\000a\000m\000s}{chapter.5}% 48
\BOOKMARK [1][-]{section.5.3}{\376\377\000E\000n\000t\000i\000t\000y\000\040\000R\000e\000l\000a\000t\000i\000o\000n\000s\000h\000i\000p\000\040\000D\000i\000a\000g\000r\000a\000m\000s\000\051}{chapter.5}% 49
\BOOKMARK [1][-]{section.5.4}{\376\377\000U\000M\000L\000\040\000D\000i\000a\000g\000r\000a\000m\000s}{chapter.5}% 50
\BOOKMARK [0][-]{chapter.6}{\376\377\000S\000o\000f\000t\000w\000a\000r\000e\000\040\000I\000m\000p\000l\000e\000m\000e\000n\000t\000a\000t\000i\000o\000n}{}% 51
\BOOKMARK [1][-]{section.6.1}{\376\377\000T\000e\000c\000h\000n\000o\000l\000o\000g\000y\000\040\000D\000e\000t\000a\000i\000l\000s\000\040\000u\000s\000e\000d\000\040\000i\000n\000\040\000t\000h\000e\000\040\000P\000r\000o\000j\000e\000c\000t}{chapter.6}% 52
\BOOKMARK [1][-]{section.6.2}{\376\377\000D\000a\000t\000a\000s\000e\000t\000\040\000U\000s\000e\000d\000\040\000i\000n\000\040\000t\000h\000e\000\040\000P\000r\000o\000j\000e\000c\000t}{chapter.6}% 53
\BOOKMARK [0][-]{chapter.7}{\376\377\000P\000r\000o\000j\000e\000c\000t\000\040\000E\000s\000t\000i\000m\000a\000t\000i\000o\000n\000,\000\040\000S\000c\000h\000e\000d\000u\000l\000e\000\040\000a\000n\000d\000\040\000T\000e\000a\000m\000\040\000S\000t\000r\000u\000c\000t\000u\000r\000e}{}% 54
\BOOKMARK [1][-]{section.7.1}{\376\377\000P\000r\000o\000j\000e\000c\000t\000\040\000C\000o\000s\000t}{chapter.7}% 55
\BOOKMARK [1][-]{section.7.2}{\376\377\000P\000r\000o\000j\000e\000c\000t\000\040\000S\000c\000h\000e\000d\000u\000l\000e\000\040\000a\000n\000d\000\040\000T\000e\000a\000m\000\040\000S\000t\000r\000u\000c\000t\000u\000r\000e}{chapter.7}% 56
\BOOKMARK [0][-]{chapter.8}{\376\377\000S\000o\000f\000t\000w\000a\000r\000e\000\040\000T\000e\000s\000t\000i\000n\000g\000\040\000a\000n\000d\000\040\000V\000a\000l\000i\000d\000a\000t\000i\000o\000n}{}% 57
\BOOKMARK [1][-]{section.8.1}{\376\377\000T\000y\000p\000e\000\040\000o\000f\000\040\000T\000e\000s\000t\000i\000n\000g}{chapter.8}% 58
\BOOKMARK [1][-]{section.8.2}{\376\377\000T\000e\000s\000t\000\040\000C\000a\000s\000e}{chapter.8}% 59
\BOOKMARK [1][-]{section.8.3}{\376\377\000R\000i\000s\000k\000\040\000M\000a\000n\000a\000g\000e\000m\000e\000n\000t}{chapter.8}% 60
\BOOKMARK [0][-]{chapter.9}{\376\377\000R\000e\000s\000u\000l\000t\000\040\000a\000n\000d\000\040\000A\000n\000a\000l\000y\000s\000i\000s}{}% 61
\BOOKMARK [0][-]{chapter.10}{\376\377\000A\000d\000v\000a\000n\000t\000a\000g\000e\000s\000,\000\040\000L\000i\000m\000i\000t\000a\000t\000i\000o\000n\000s\000\040\000a\000n\000d\000\040\000A\000p\000p\000l\000i\000c\000a\000t\000i\000o\000n}{}% 62
\BOOKMARK [1][-]{section.10.1}{\376\377\000A\000d\000v\000a\000n\000t\000a\000g\000e\000s}{chapter.10}% 63
\BOOKMARK [1][-]{section.10.2}{\376\377\000L\000i\000m\000i\000t\000a\000t\000i\000o\000n}{chapter.10}% 64
\BOOKMARK [1][-]{section.10.3}{\376\377\000A\000p\000p\000l\000i\000c\000a\000t\000i\000o\000n\000s}{chapter.10}% 65
\BOOKMARK [0][-]{chapter*.7}{\376\377\000S\000u\000m\000m\000a\000r\000y\000\040\000a\000n\000d\000\040\000C\000o\000n\000c\000l\000u\000s\000i\000o\000n}{}% 66
\BOOKMARK [0][-]{chapter*.8}{\376\377\000R\000e\000f\000e\000r\000e\000n\000c\000e\000s}{}% 67
\BOOKMARK [0][-]{appendix.1.A}{\376\377\000A\000n\000n\000e\000x\000u\000r\000e\000\040\000A\000w\000a\000r\000d\000s\000/\000P\000a\000r\000t\000i\000c\000i\000p\000a\000t\000i\000o\000n\000\040\000i\000n\000\040\000P\000r\000o\000j\000e\000c\000t\000\040\000C\000o\000m\000p\000e\000t\000i\000t\000i\000o\000n\000/\000E\000x\000h\000i\000b\000i\000t\000i\000o\000n}{}% 68
\BOOKMARK [0][-]{appendix.1.B}{\376\377\000A\000n\000n\000e\000x\000u\000r\000e\000\040\000D\000e\000t\000a\000i\000l\000s\000\040\000o\000f\000\040\000t\000h\000e\000\040\000P\000a\000p\000e\000r\000s\000\040\000P\000u\000b\000l\000i\000c\000a\000t\000i\000o\000n\000\040\000\050\000i\000f\000\040\000a\000n\000y\000\051}{}% 69
\BOOKMARK [0][-]{appendix.1.C}{\376\377\000A\000n\000n\000e\000x\000u\000r\000e\000\040\000P\000l\000a\000g\000i\000a\000r\000i\000s\000m\000\040\000R\000e\000p\000o\000r\000t\000\040\000F\000o\000r\000\040\000t\000h\000i\000s\000\040\000R\000e\000p\000o\000r\000t}{}% 70
\BOOKMARK [0][-]{appendix.1.D}{\376\377\000A\000n\000n\000e\000x\000u\000r\000e\000\040\000A\000n\000y\000\040\000o\000t\000h\000e\000r\000\040\000D\000o\000c\000u\000m\000e\000n\000t\000a\000t\000i\000o\000n\000\040\000e\000v\000i\000d\000e\000n\000c\000e\000s\000\040\000r\000e\000l\000a\000t\000e\000d\000\040\000t\000o\000\040\000P\000r\000o\000j\000e\000c\000t}{}% 71
